Using pre-set license
Built from '2020.3/staging' branch; Version is '2020.3.28f1 (f5400f52e03f) revision 16072719'; Using compiler version '192528614'; Build Type 'Release'
OS: 'Windows 10  (10.0.19044) 64bit Professional' Language: 'ko' Physical Memory: 16318 MB
BatchMode: 1, IsHumanControllingUs: 0, StartBugReporterOnCrash: 0, Is64bit: 1, IsPro: 0

COMMAND LINE ARGUMENTS:
C:\Program Files\Unity\Hub\Editor\2020.3.28f1\Editor\Unity.exe
-adb2
-batchMode
-noUpm
-name
AssetImportWorker0
-projectPath
D:/Unity/GitHub/DongleFamily/DongleFamily
-logFile
Logs/AssetImportWorker0.log
-srvPort
11124
Successfully changed project path to: D:/Unity/GitHub/DongleFamily/DongleFamily
D:/Unity/GitHub/DongleFamily/DongleFamily
Using Asset Import Pipeline V2.
Refreshing native plugins compatible for Editor in 38.42 ms, found 3 plugins.
Preloading 0 native plugins for Editor in 0.00 ms.
Initialize engine version: 2020.3.28f1 (f5400f52e03f)
[Subsystems] Discovering subsystems at path C:/Program Files/Unity/Hub/Editor/2020.3.28f1/Editor/Data/Resources/UnitySubsystems
[Subsystems] Discovering subsystems at path D:/Unity/GitHub/DongleFamily/DongleFamily/Assets
GfxDevice: creating device client; threaded=0
Direct3D:
    Version:  Direct3D 11.0 [level 11.1]
    Renderer: NVIDIA GeForce GTX 1060 6GB (ID=0x1c03)
    Vendor:   
    VRAM:     6052 MB
    Driver:   27.21.14.5751
Initialize mono
Mono path[0] = 'C:/Program Files/Unity/Hub/Editor/2020.3.28f1/Editor/Data/Managed'
Mono path[1] = 'C:/Program Files/Unity/Hub/Editor/2020.3.28f1/Editor/Data/MonoBleedingEdge/lib/mono/unityjit'
Mono config path = 'C:/Program Files/Unity/Hub/Editor/2020.3.28f1/Editor/Data/MonoBleedingEdge/etc'
Using monoOptions --debugger-agent=transport=dt_socket,embedding=1,server=y,suspend=n,address=127.0.0.1:56948
Begin MonoManager ReloadAssembly
Registering precompiled unity dll's ...
Register platform support module: C:/Program Files/Unity/Hub/Editor/2020.3.28f1/Editor/Data/PlaybackEngines/WindowsStandaloneSupport/UnityEditor.WindowsStandalone.Extensions.dll
Registered in 0.001787 seconds.
Native extension for WindowsStandalone target not found
Refreshing native plugins compatible for Editor in 36.20 ms, found 3 plugins.
Preloading 0 native plugins for Editor in 0.00 ms.
Mono: successfully reloaded assembly
- Completed reload, in  0.483 seconds
Domain Reload Profiling:
	ReloadAssembly (483ms)
		BeginReloadAssembly (54ms)
			ExecutionOrderSort (0ms)
			DisableScriptedObjects (0ms)
			BackupInstance (0ms)
			ReleaseScriptingObjects (0ms)
			CreateAndSetChildDomain (1ms)
		EndReloadAssembly (371ms)
			LoadAssemblies (52ms)
			RebuildTransferFunctionScriptingTraits (0ms)
			SetupTypeCache (121ms)
			ReleaseScriptCaches (0ms)
			RebuildScriptCaches (27ms)
			SetupLoadedEditorAssemblies (140ms)
				LogAssemblyErrors (0ms)
				InitializePlatformSupportModulesInManaged (3ms)
				SetLoadedEditorAssemblies (0ms)
				RefreshPlugins (36ms)
				BeforeProcessingInitializeOnLoad (13ms)
				ProcessInitializeOnLoadAttributes (64ms)
				ProcessInitializeOnLoadMethodAttributes (22ms)
				AfterProcessingInitializeOnLoad (0ms)
				EditorAssembliesLoaded (0ms)
			ExecutionOrderSort2 (0ms)
			AwakeInstancesAfterBackupRestoration (0ms)
Platform modules already initialized, skipping
Registering precompiled user dll's ...
Registered in 0.002899 seconds.
Begin MonoManager ReloadAssembly
Native extension for WindowsStandalone target not found
Refreshing native plugins compatible for Editor in 36.07 ms, found 3 plugins.
Preloading 0 native plugins for Editor in 0.00 ms.
Mono: successfully reloaded assembly
- Completed reload, in  0.913 seconds
Domain Reload Profiling:
	ReloadAssembly (914ms)
		BeginReloadAssembly (125ms)
			ExecutionOrderSort (0ms)
			DisableScriptedObjects (4ms)
			BackupInstance (0ms)
			ReleaseScriptingObjects (0ms)
			CreateAndSetChildDomain (16ms)
		EndReloadAssembly (741ms)
			LoadAssemblies (82ms)
			RebuildTransferFunctionScriptingTraits (0ms)
			SetupTypeCache (253ms)
			ReleaseScriptCaches (0ms)
			RebuildScriptCaches (38ms)
			SetupLoadedEditorAssemblies (277ms)
				LogAssemblyErrors (0ms)
				InitializePlatformSupportModulesInManaged (3ms)
				SetLoadedEditorAssemblies (0ms)
				RefreshPlugins (36ms)
				BeforeProcessingInitializeOnLoad (64ms)
				ProcessInitializeOnLoadAttributes (155ms)
				ProcessInitializeOnLoadMethodAttributes (14ms)
				AfterProcessingInitializeOnLoad (6ms)
				EditorAssembliesLoaded (0ms)
			ExecutionOrderSort2 (0ms)
			AwakeInstancesAfterBackupRestoration (5ms)
Platform modules already initialized, skipping
========================================================================
Worker process is ready to serve import requests
Launched and connected shader compiler UnityShaderCompiler.exe after 0.07 seconds
Refreshing native plugins compatible for Editor in 0.41 ms, found 3 plugins.
Preloading 0 native plugins for Editor in 0.00 ms.
Unloading 2200 Unused Serialized files (Serialized files now loaded: 0)
System memory in use before: 98.7 MB.
System memory in use after: 98.6 MB.

Unloading 34 unused Assets to reduce memory usage. Loaded Objects now: 2627.
Total: 2.557300 ms (FindLiveObjects: 0.135500 ms CreateObjectMapping: 0.069100 ms MarkObjects: 2.242600 ms  DeleteObjects: 0.109400 ms)

AssetImportParameters requested are different than current active one (requested -> active):
  custom:framework-win-MediaFoundation: 216162199b28c13a410421893ffa2e32 -> 
  custom:video-decoder-ogg-theora: a1e56fd34408186e4bbccfd4996cb3dc -> 
  custom:container-muxer-webm: aa71ff27fc2769a1b78a27578f13a17b -> 
  custom:container-demuxer-webm: 4f35f7cbe854078d1ac9338744f61a02 -> 
  custom:container-demuxer-ogg: 62fdf1f143b41e24485cea50d1cbac27 -> 
  custom:video-encoder-webm-vp8: eb34c28f22e8b96e1ab97ce403110664 -> 
  custom:video-decoder-webm-vp8: 9c59270c3fd7afecdb556c50c9e8de78 -> 
  custom:audio-decoder-ogg-vorbis: bf7c407c2cedff20999df2af8eb42d56 -> 
  custom:audio-encoder-webm-vorbis: bf7c407c2cedff20999df2af8eb42d56 -> 
========================================================================
Received Import Request.
  path: Assets/Casual Physics Puzzle BE6/App Icon.png
  artifactKey: Guid(b5ff921593e43754f8ea2105ee72cec0) Importer(815301076,1909f56bfc062723c751e8b465ee728b)
Start importing Assets/Casual Physics Puzzle BE6/App Icon.png using Guid(b5ff921593e43754f8ea2105ee72cec0) Importer(815301076,1909f56bfc062723c751e8b465ee728b)  -> (artifact id: '9addef4bc8c3fc39deed7bff6a854e06') in 0.089992 seconds 
  Import took 0.092718 seconds .

========================================================================
Received Import Request.
  Time since last request: 0.000262 seconds.
  path: Assets/Casual Physics Puzzle BE6/Font
  artifactKey: Guid(6524cd9e0c6dc0d4fa895f242ae6c80e) Importer(815301076,1909f56bfc062723c751e8b465ee728b)
Start importing Assets/Casual Physics Puzzle BE6/Font using Guid(6524cd9e0c6dc0d4fa895f242ae6c80e) Importer(815301076,1909f56bfc062723c751e8b465ee728b)  -> (artifact id: 'cf9eccbb5f9700930c1ccc635ec05f57') in 0.004639 seconds 
  Import took 0.007383 seconds .

========================================================================
Received Import Request.
  Time since last request: 0.000286 seconds.
  path: Assets/Casual Physics Puzzle BE6/Audio
  artifactKey: Guid(a3975a6b41e17bd4789576ec97903bf9) Importer(815301076,1909f56bfc062723c751e8b465ee728b)
Start importing Assets/Casual Physics Puzzle BE6/Audio using Guid(a3975a6b41e17bd4789576ec97903bf9) Importer(815301076,1909f56bfc062723c751e8b465ee728b)  -> (artifact id: 'bc154f66c9ae3e7265105a9e823d2edd') in 0.004894 seconds 
  Import took 0.007898 seconds .

========================================================================
Received Import Request.
  Time since last request: 0.000205 seconds.
  path: Assets/Casual Physics Puzzle BE6/Animation
  artifactKey: Guid(6929279cbf344c14e9cf9a9546e3696a) Importer(815301076,1909f56bfc062723c751e8b465ee728b)
Start importing Assets/Casual Physics Puzzle BE6/Animation using Guid(6929279cbf344c14e9cf9a9546e3696a) Importer(815301076,1909f56bfc062723c751e8b465ee728b)  -> (artifact id: 'def4013668d7b55b836b85d81a5fd463') in 0.004048 seconds 
  Import took 0.006998 seconds .

========================================================================
Received Import Request.
  Time since last request: 0.000197 seconds.
  path: Assets/Casual Physics Puzzle BE6/Sprites
  artifactKey: Guid(ca2ac8152019d4346b5f6a3ccf1bc67b) Importer(815301076,1909f56bfc062723c751e8b465ee728b)
Start importing Assets/Casual Physics Puzzle BE6/Sprites using Guid(ca2ac8152019d4346b5f6a3ccf1bc67b) Importer(815301076,1909f56bfc062723c751e8b465ee728b)  -> (artifact id: '8cd7d87907228b40dbf6543053441160') in 0.004227 seconds 
  Import took 0.007183 seconds .

========================================================================
Received Import Request.
  Time since last request: 0.000241 seconds.
  path: Assets/Casual Physics Puzzle BE6/ReadMe
  artifactKey: Guid(b39d3e63a57049d4d8eb42943e9cf338) Importer(815301076,1909f56bfc062723c751e8b465ee728b)
Start importing Assets/Casual Physics Puzzle BE6/ReadMe using Guid(b39d3e63a57049d4d8eb42943e9cf338) Importer(815301076,1909f56bfc062723c751e8b465ee728b)  -> (artifact id: '8f2f150f50dddce9aba5c989fef684d5') in 0.004388 seconds 
  Import took 0.007298 seconds .

AssetImportWorkerClient::OnTransportError - code=2 error=End of file
